 {"level":"DEBUG","time":"2021-03-07T21:50:49.327+0800","caller":"bluebell/main.go:35","msg":"logger init success......"}
{"level":"DEBUG","time":"2021-03-07T21:51:41.235+0800","caller":"bluebell/main.go:34","msg":"logger init success......"}
{"level":"FATAL","time":"2021-03-07T21:51:41.289+0800","caller":"bluebell/main.go:63","msg":"listen: %s\n","error":"listen tcp: address 8081: missing port in address"}
{"level":"DEBUG","time":"2021-03-07T21:56:46.857+0800","caller":"bluebell/main.go:32","msg":"logger init success......"}
{"level":"INFO","time":"2021-03-07T22:05:07.250+0800","caller":"bluebell/main.go:73","msg":"Shutdown Server ..."}
{"level":"INFO","time":"2021-03-07T22:05:07.751+0800","caller":"bluebell/main.go:82","msg":"Server exiting"}
{"level":"DEBUG","time":"2021-03-07T22:08:24.319+0800","caller":"bluebell/main.go:32","msg":"logger init success......"}
{"level":"INFO","time":"2021-03-07T22:08:38.024+0800","caller":"bluebell/main.go:74","msg":"Shutdown Server ..."}
{"level":"INFO","time":"2021-03-07T22:08:38.524+0800","caller":"bluebell/main.go:83","msg":"Server exiting"}
{"level":"DEBUG","time":"2021-03-07T22:08:52.655+0800","caller":"bluebell/main.go:32","msg":"logger init success......"}
{"level":"INFO","time":"2021-03-07T22:09:18.449+0800","caller":"bluebell/main.go:74","msg":"Shutdown Server ..."}
{"level":"INFO","time":"2021-03-07T22:09:18.955+0800","caller":"bluebell/main.go:83","msg":"Server exiting"}
{"level":"DEBUG","time":"2021-03-07T22:09:24.807+0800","caller":"bluebell/main.go:32","msg":"logger init success......"}
{"level":"INFO","time":"2021-03-07T22:09:50.926+0800","caller":"bluebell/main.go:74","msg":"Shutdown Server ..."}
{"level":"INFO","time":"2021-03-07T22:09:51.427+0800","caller":"bluebell/main.go:83","msg":"Server exiting"}
{"level":"DEBUG","time":"2021-03-07T22:10:00.757+0800","caller":"bluebell/main.go:32","msg":"logger init success......"}
{"level":"ERROR","time":"2021-03-07T22:10:17.231+0800","caller":"controller/user.go:18","msg":"SignUp with invalid param","error":"Key: 'ParamSign.RePassword' Error:Field validation for 'RePassword' failed on the 'required' tag"}
{"level":"INFO","time":"2021-03-07T22:10:17.232+0800","caller":"logger/logger.go:73","msg":"/sign","status":200,"method":"POST","path":"/sign","query":"","ip":"127.0.0.1","user-agent":"PostmanRuntime/7.26.10","errors":"","cost":0.0009993}
{"level":"INFO","time":"2021-03-07T22:13:34.440+0800","caller":"bluebell/main.go:74","msg":"Shutdown Server ..."}
{"level":"INFO","time":"2021-03-07T22:13:34.940+0800","caller":"bluebell/main.go:83","msg":"Server exiting"}
{"level":"DEBUG","time":"2021-03-07T22:26:51.406+0800","caller":"bluebell/main.go:33","msg":"logger init success......"}
{"level":"INFO","time":"2021-03-07T22:37:16.327+0800","caller":"bluebell/main.go:80","msg":"Shutdown Server ..."}
{"level":"INFO","time":"2021-03-07T22:37:16.827+0800","caller":"bluebell/main.go:89","msg":"Server exiting"}
{"level":"DEBUG","time":"2021-03-07T22:40:59.383+0800","caller":"bluebell/main.go:33","msg":"logger init success......"}
{"level":"ERROR","time":"2021-03-07T22:41:18.959+0800","caller":"controller/user.go:19","msg":"SignUp with invalid param","error":"Key: 'ParamSign.re_password' Error:Field validation for 're_password' failed on the 'eqfield' tag\nKey: 'ParamSign.re_password' Error:Field validation for 're_password' failed on the 'eqfield' tag"}
{"level":"INFO","time":"2021-03-07T22:41:18.960+0800","caller":"logger/logger.go:73","msg":"/sign","status":200,"method":"POST","path":"/sign","query":"","ip":"127.0.0.1","user-agent":"PostmanRuntime/7.26.10","errors":"","cost":0.0009996}
